<?xml version="1.0" encoding="UTF-8"?>
<testsuite xmlns:xsi="http://www.w3.org/2001/XMLSchema-instance" xsi:noNamespaceSchemaLocation="https://maven.apache.org/surefire/maven-surefire-plugin/xsd/surefire-test-report.xsd" version="3.0.2" name="TestSuite" time="56.055" tests="14" errors="0" skipped="0" failures="0">
  <properties>
    <property name="java.specification.version" value="17"/>
    <property name="sun.cpu.isalist" value="amd64"/>
    <property name="sun.jnu.encoding" value="Cp1252"/>
    <property name="java.class.path" value="C:\Users\chikk\eclipse-workspace\ProjectTA\target\test-classes;C:\Users\chikk\eclipse-workspace\ProjectTA\target\classes;C:\Users\chikk\.m2\repository\junit\junit\3.8.1\junit-3.8.1.jar;C:\Users\chikk\.m2\repository\org\seleniumhq\selenium\selenium-java\4.34.0\selenium-java-4.34.0.jar;C:\Users\chikk\.m2\repository\org\seleniumhq\selenium\selenium-api\4.34.0\selenium-api-4.34.0.jar;C:\Users\chikk\.m2\repository\org\jspecify\jspecify\1.0.0\jspecify-1.0.0.jar;C:\Users\chikk\.m2\repository\org\seleniumhq\selenium\selenium-chrome-driver\4.34.0\selenium-chrome-driver-4.34.0.jar;C:\Users\chikk\.m2\repository\com\google\auto\service\auto-service-annotations\1.1.1\auto-service-annotations-1.1.1.jar;C:\Users\chikk\.m2\repository\org\seleniumhq\selenium\selenium-chromium-driver\4.34.0\selenium-chromium-driver-4.34.0.jar;C:\Users\chikk\.m2\repository\org\seleniumhq\selenium\selenium-json\4.34.0\selenium-json-4.34.0.jar;C:\Users\chikk\.m2\repository\org\seleniumhq\selenium\selenium-manager\4.34.0\selenium-manager-4.34.0.jar;C:\Users\chikk\.m2\repository\org\seleniumhq\selenium\selenium-devtools-v136\4.34.0\selenium-devtools-v136-4.34.0.jar;C:\Users\chikk\.m2\repository\org\seleniumhq\selenium\selenium-devtools-v137\4.34.0\selenium-devtools-v137-4.34.0.jar;C:\Users\chikk\.m2\repository\org\seleniumhq\selenium\selenium-devtools-v138\4.34.0\selenium-devtools-v138-4.34.0.jar;C:\Users\chikk\.m2\repository\org\seleniumhq\selenium\selenium-edge-driver\4.34.0\selenium-edge-driver-4.34.0.jar;C:\Users\chikk\.m2\repository\org\seleniumhq\selenium\selenium-firefox-driver\4.34.0\selenium-firefox-driver-4.34.0.jar;C:\Users\chikk\.m2\repository\org\seleniumhq\selenium\selenium-http\4.34.0\selenium-http-4.34.0.jar;C:\Users\chikk\.m2\repository\org\seleniumhq\selenium\selenium-ie-driver\4.34.0\selenium-ie-driver-4.34.0.jar;C:\Users\chikk\.m2\repository\org\seleniumhq\selenium\selenium-remote-driver\4.34.0\selenium-remote-driver-4.34.0.jar;C:\Users\chikk\.m2\repository\com\google\guava\guava\33.4.8-jre\guava-33.4.8-jre.jar;C:\Users\chikk\.m2\repository\com\google\guava\failureaccess\1.0.3\failureaccess-1.0.3.jar;C:\Users\chikk\.m2\repository\com\google\guava\listenablefuture\9999.0-empty-to-avoid-conflict-with-guava\listenablefuture-9999.0-empty-to-avoid-conflict-with-guava.jar;C:\Users\chikk\.m2\repository\com\google\errorprone\error_prone_annotations\2.36.0\error_prone_annotations-2.36.0.jar;C:\Users\chikk\.m2\repository\com\google\j2objc\j2objc-annotations\3.0.0\j2objc-annotations-3.0.0.jar;C:\Users\chikk\.m2\repository\io\opentelemetry\opentelemetry-api\1.51.0\opentelemetry-api-1.51.0.jar;C:\Users\chikk\.m2\repository\io\opentelemetry\opentelemetry-context\1.51.0\opentelemetry-context-1.51.0.jar;C:\Users\chikk\.m2\repository\io\opentelemetry\opentelemetry-exporter-logging\1.51.0\opentelemetry-exporter-logging-1.51.0.jar;C:\Users\chikk\.m2\repository\io\opentelemetry\opentelemetry-sdk-common\1.51.0\opentelemetry-sdk-common-1.51.0.jar;C:\Users\chikk\.m2\repository\io\opentelemetry\opentelemetry-sdk-extension-autoconfigure-spi\1.51.0\opentelemetry-sdk-extension-autoconfigure-spi-1.51.0.jar;C:\Users\chikk\.m2\repository\io\opentelemetry\opentelemetry-sdk-extension-autoconfigure\1.51.0\opentelemetry-sdk-extension-autoconfigure-1.51.0.jar;C:\Users\chikk\.m2\repository\io\opentelemetry\opentelemetry-sdk-trace\1.51.0\opentelemetry-sdk-trace-1.51.0.jar;C:\Users\chikk\.m2\repository\io\opentelemetry\opentelemetry-sdk\1.51.0\opentelemetry-sdk-1.51.0.jar;C:\Users\chikk\.m2\repository\io\opentelemetry\opentelemetry-sdk-metrics\1.51.0\opentelemetry-sdk-metrics-1.51.0.jar;C:\Users\chikk\.m2\repository\io\opentelemetry\opentelemetry-sdk-logs\1.51.0\opentelemetry-sdk-logs-1.51.0.jar;C:\Users\chikk\.m2\repository\net\bytebuddy\byte-buddy\1.17.6\byte-buddy-1.17.6.jar;C:\Users\chikk\.m2\repository\org\seleniumhq\selenium\selenium-os\4.34.0\selenium-os-4.34.0.jar;C:\Users\chikk\.m2\repository\org\apache\commons\commons-exec\1.5.0\commons-exec-1.5.0.jar;C:\Users\chikk\.m2\repository\org\seleniumhq\selenium\selenium-safari-driver\4.34.0\selenium-safari-driver-4.34.0.jar;C:\Users\chikk\.m2\repository\org\seleniumhq\selenium\selenium-support\4.34.0\selenium-support-4.34.0.jar;C:\Users\chikk\.m2\repository\org\testng\testng\7.11.0\testng-7.11.0.jar;C:\Users\chikk\.m2\repository\org\slf4j\slf4j-api\2.0.16\slf4j-api-2.0.16.jar;C:\Users\chikk\.m2\repository\org\jcommander\jcommander\1.83\jcommander-1.83.jar;C:\Users\chikk\.m2\repository\org\webjars\jquery\3.7.1\jquery-3.7.1.jar;C:\Users\chikk\.m2\repository\org\apache\poi\poi\5.2.5\poi-5.2.5.jar;C:\Users\chikk\.m2\repository\commons-codec\commons-codec\1.16.0\commons-codec-1.16.0.jar;C:\Users\chikk\.m2\repository\org\apache\commons\commons-collections4\4.4\commons-collections4-4.4.jar;C:\Users\chikk\.m2\repository\org\apache\commons\commons-math3\3.6.1\commons-math3-3.6.1.jar;C:\Users\chikk\.m2\repository\commons-io\commons-io\2.15.0\commons-io-2.15.0.jar;C:\Users\chikk\.m2\repository\com\zaxxer\SparseBitSet\1.3\SparseBitSet-1.3.jar;C:\Users\chikk\.m2\repository\org\apache\logging\log4j\log4j-api\2.21.1\log4j-api-2.21.1.jar;C:\Users\chikk\.m2\repository\org\apache\poi\poi-ooxml\5.2.5\poi-ooxml-5.2.5.jar;C:\Users\chikk\.m2\repository\org\apache\poi\poi-ooxml-lite\5.2.5\poi-ooxml-lite-5.2.5.jar;C:\Users\chikk\.m2\repository\org\apache\xmlbeans\xmlbeans\5.2.0\xmlbeans-5.2.0.jar;C:\Users\chikk\.m2\repository\org\apache\commons\commons-compress\1.25.0\commons-compress-1.25.0.jar;C:\Users\chikk\.m2\repository\com\github\virtuald\curvesapi\1.08\curvesapi-1.08.jar;"/>
    <property name="java.vm.vendor" value="Oracle Corporation"/>
    <property name="sun.arch.data.model" value="64"/>
    <property name="user.variant" value=""/>
    <property name="java.vendor.url" value="https://java.oracle.com/"/>
    <property name="user.timezone" value="Asia/Calcutta"/>
    <property name="os.name" value="Windows 11"/>
    <property name="java.vm.specification.version" value="17"/>
    <property name="sun.java.launcher" value="SUN_STANDARD"/>
    <property name="user.country" value="IN"/>
    <property name="sun.boot.library.path" value="C:\Program Files\Java\jdk-17\bin"/>
    <property name="sun.java.command" value="C:\Users\chikk\AppData\Local\Temp\surefire11865125452095519994\surefirebooter-20250709202643998_3.jar C:\Users\chikk\AppData\Local\Temp\surefire11865125452095519994 2025-07-09T20-26-43_665-jvmRun1 surefire-20250709202643998_1tmp surefire_0-20250709202643998_2tmp"/>
    <property name="jdk.debug" value="release"/>
    <property name="surefire.test.class.path" value="C:\Users\chikk\eclipse-workspace\ProjectTA\target\test-classes;C:\Users\chikk\eclipse-workspace\ProjectTA\target\classes;C:\Users\chikk\.m2\repository\junit\junit\3.8.1\junit-3.8.1.jar;C:\Users\chikk\.m2\repository\org\seleniumhq\selenium\selenium-java\4.34.0\selenium-java-4.34.0.jar;C:\Users\chikk\.m2\repository\org\seleniumhq\selenium\selenium-api\4.34.0\selenium-api-4.34.0.jar;C:\Users\chikk\.m2\repository\org\jspecify\jspecify\1.0.0\jspecify-1.0.0.jar;C:\Users\chikk\.m2\repository\org\seleniumhq\selenium\selenium-chrome-driver\4.34.0\selenium-chrome-driver-4.34.0.jar;C:\Users\chikk\.m2\repository\com\google\auto\service\auto-service-annotations\1.1.1\auto-service-annotations-1.1.1.jar;C:\Users\chikk\.m2\repository\org\seleniumhq\selenium\selenium-chromium-driver\4.34.0\selenium-chromium-driver-4.34.0.jar;C:\Users\chikk\.m2\repository\org\seleniumhq\selenium\selenium-json\4.34.0\selenium-json-4.34.0.jar;C:\Users\chikk\.m2\repository\org\seleniumhq\selenium\selenium-manager\4.34.0\selenium-manager-4.34.0.jar;C:\Users\chikk\.m2\repository\org\seleniumhq\selenium\selenium-devtools-v136\4.34.0\selenium-devtools-v136-4.34.0.jar;C:\Users\chikk\.m2\repository\org\seleniumhq\selenium\selenium-devtools-v137\4.34.0\selenium-devtools-v137-4.34.0.jar;C:\Users\chikk\.m2\repository\org\seleniumhq\selenium\selenium-devtools-v138\4.34.0\selenium-devtools-v138-4.34.0.jar;C:\Users\chikk\.m2\repository\org\seleniumhq\selenium\selenium-edge-driver\4.34.0\selenium-edge-driver-4.34.0.jar;C:\Users\chikk\.m2\repository\org\seleniumhq\selenium\selenium-firefox-driver\4.34.0\selenium-firefox-driver-4.34.0.jar;C:\Users\chikk\.m2\repository\org\seleniumhq\selenium\selenium-http\4.34.0\selenium-http-4.34.0.jar;C:\Users\chikk\.m2\repository\org\seleniumhq\selenium\selenium-ie-driver\4.34.0\selenium-ie-driver-4.34.0.jar;C:\Users\chikk\.m2\repository\org\seleniumhq\selenium\selenium-remote-driver\4.34.0\selenium-remote-driver-4.34.0.jar;C:\Users\chikk\.m2\repository\com\google\guava\guava\33.4.8-jre\guava-33.4.8-jre.jar;C:\Users\chikk\.m2\repository\com\google\guava\failureaccess\1.0.3\failureaccess-1.0.3.jar;C:\Users\chikk\.m2\repository\com\google\guava\listenablefuture\9999.0-empty-to-avoid-conflict-with-guava\listenablefuture-9999.0-empty-to-avoid-conflict-with-guava.jar;C:\Users\chikk\.m2\repository\com\google\errorprone\error_prone_annotations\2.36.0\error_prone_annotations-2.36.0.jar;C:\Users\chikk\.m2\repository\com\google\j2objc\j2objc-annotations\3.0.0\j2objc-annotations-3.0.0.jar;C:\Users\chikk\.m2\repository\io\opentelemetry\opentelemetry-api\1.51.0\opentelemetry-api-1.51.0.jar;C:\Users\chikk\.m2\repository\io\opentelemetry\opentelemetry-context\1.51.0\opentelemetry-context-1.51.0.jar;C:\Users\chikk\.m2\repository\io\opentelemetry\opentelemetry-exporter-logging\1.51.0\opentelemetry-exporter-logging-1.51.0.jar;C:\Users\chikk\.m2\repository\io\opentelemetry\opentelemetry-sdk-common\1.51.0\opentelemetry-sdk-common-1.51.0.jar;C:\Users\chikk\.m2\repository\io\opentelemetry\opentelemetry-sdk-extension-autoconfigure-spi\1.51.0\opentelemetry-sdk-extension-autoconfigure-spi-1.51.0.jar;C:\Users\chikk\.m2\repository\io\opentelemetry\opentelemetry-sdk-extension-autoconfigure\1.51.0\opentelemetry-sdk-extension-autoconfigure-1.51.0.jar;C:\Users\chikk\.m2\repository\io\opentelemetry\opentelemetry-sdk-trace\1.51.0\opentelemetry-sdk-trace-1.51.0.jar;C:\Users\chikk\.m2\repository\io\opentelemetry\opentelemetry-sdk\1.51.0\opentelemetry-sdk-1.51.0.jar;C:\Users\chikk\.m2\repository\io\opentelemetry\opentelemetry-sdk-metrics\1.51.0\opentelemetry-sdk-metrics-1.51.0.jar;C:\Users\chikk\.m2\repository\io\opentelemetry\opentelemetry-sdk-logs\1.51.0\opentelemetry-sdk-logs-1.51.0.jar;C:\Users\chikk\.m2\repository\net\bytebuddy\byte-buddy\1.17.6\byte-buddy-1.17.6.jar;C:\Users\chikk\.m2\repository\org\seleniumhq\selenium\selenium-os\4.34.0\selenium-os-4.34.0.jar;C:\Users\chikk\.m2\repository\org\apache\commons\commons-exec\1.5.0\commons-exec-1.5.0.jar;C:\Users\chikk\.m2\repository\org\seleniumhq\selenium\selenium-safari-driver\4.34.0\selenium-safari-driver-4.34.0.jar;C:\Users\chikk\.m2\repository\org\seleniumhq\selenium\selenium-support\4.34.0\selenium-support-4.34.0.jar;C:\Users\chikk\.m2\repository\org\testng\testng\7.11.0\testng-7.11.0.jar;C:\Users\chikk\.m2\repository\org\slf4j\slf4j-api\2.0.16\slf4j-api-2.0.16.jar;C:\Users\chikk\.m2\repository\org\jcommander\jcommander\1.83\jcommander-1.83.jar;C:\Users\chikk\.m2\repository\org\webjars\jquery\3.7.1\jquery-3.7.1.jar;C:\Users\chikk\.m2\repository\org\apache\poi\poi\5.2.5\poi-5.2.5.jar;C:\Users\chikk\.m2\repository\commons-codec\commons-codec\1.16.0\commons-codec-1.16.0.jar;C:\Users\chikk\.m2\repository\org\apache\commons\commons-collections4\4.4\commons-collections4-4.4.jar;C:\Users\chikk\.m2\repository\org\apache\commons\commons-math3\3.6.1\commons-math3-3.6.1.jar;C:\Users\chikk\.m2\repository\commons-io\commons-io\2.15.0\commons-io-2.15.0.jar;C:\Users\chikk\.m2\repository\com\zaxxer\SparseBitSet\1.3\SparseBitSet-1.3.jar;C:\Users\chikk\.m2\repository\org\apache\logging\log4j\log4j-api\2.21.1\log4j-api-2.21.1.jar;C:\Users\chikk\.m2\repository\org\apache\poi\poi-ooxml\5.2.5\poi-ooxml-5.2.5.jar;C:\Users\chikk\.m2\repository\org\apache\poi\poi-ooxml-lite\5.2.5\poi-ooxml-lite-5.2.5.jar;C:\Users\chikk\.m2\repository\org\apache\xmlbeans\xmlbeans\5.2.0\xmlbeans-5.2.0.jar;C:\Users\chikk\.m2\repository\org\apache\commons\commons-compress\1.25.0\commons-compress-1.25.0.jar;C:\Users\chikk\.m2\repository\com\github\virtuald\curvesapi\1.08\curvesapi-1.08.jar;"/>
    <property name="sun.cpu.endian" value="little"/>
    <property name="user.home" value="C:\Users\chikk"/>
    <property name="user.language" value="en"/>
    <property name="java.specification.vendor" value="Oracle Corporation"/>
    <property name="java.version.date" value="2024-07-16"/>
    <property name="java.home" value="C:\Program Files\Java\jdk-17"/>
    <property name="file.separator" value="\"/>
    <property name="basedir" value="C:\Users\chikk\eclipse-workspace\ProjectTA"/>
    <property name="java.vm.compressedOopsMode" value="Zero based"/>
    <property name="line.separator" value="&#10;"/>
    <property name="java.vm.specification.vendor" value="Oracle Corporation"/>
    <property name="java.specification.name" value="Java Platform API Specification"/>
    <property name="surefire.real.class.path" value="C:\Users\chikk\AppData\Local\Temp\surefire11865125452095519994\surefirebooter-20250709202643998_3.jar"/>
    <property name="user.script" value=""/>
    <property name="sun.management.compiler" value="HotSpot 64-Bit Tiered Compilers"/>
    <property name="java.runtime.version" value="17.0.12+8-LTS-286"/>
    <property name="user.name" value="chikk"/>
    <property name="path.separator" value=";"/>
    <property name="os.version" value="10.0"/>
    <property name="java.runtime.name" value="Java(TM) SE Runtime Environment"/>
    <property name="file.encoding" value="Cp1252"/>
    <property name="java.vm.name" value="Java HotSpot(TM) 64-Bit Server VM"/>
    <property name="localRepository" value="C:\Users\chikk\.m2\repository"/>
    <property name="java.vendor.url.bug" value="https://bugreport.java.com/bugreport/"/>
    <property name="java.io.tmpdir" value="C:\Users\chikk\AppData\Local\Temp\"/>
    <property name="java.version" value="17.0.12"/>
    <property name="user.dir" value="C:\Users\chikk\eclipse-workspace\ProjectTA"/>
    <property name="os.arch" value="amd64"/>
    <property name="java.vm.specification.name" value="Java Virtual Machine Specification"/>
    <property name="sun.os.patch.level" value=""/>
    <property name="native.encoding" value="Cp1252"/>
    <property name="java.library.path" value="C:\Program Files\Java\jdk-17\bin;C:\WINDOWS\Sun\Java\bin;C:\WINDOWS\system32;C:\WINDOWS;C:\Users\chikk\.jenkins\tools\hudson.tasks.Maven_MavenInstallation\MVN_HOME/bin;C:\Program Files\Java\jdk-17/bin;C:\Program Files\Java\jdk-17/bin;C:\Program Files\Common Files\Oracle\Java\javapath;C:\WINDOWS;C:\WINDOWS\System32\Wbem;C:\WINDOWS\System32\WindowsPowerShell\v1.0\;C:\WINDOWS\System32\OpenSSH\;C:\Program Files\Git\cmd;C:\Program Files\nodejs\;C:\Program Files\nodejs\node_modules;C:\Program Files\dotnet\;C:\WINDOWS\system32;C:\Program Files\Java\jdk-17\bin;C:\Program Files\TortoiseGit\bin;C:\Program Files\Docker\Docker\resources\bin;C:\Users\chikk\AppData\Local\Programs\Python\Launcher\;C:\Users\chikk\AppData\Local\Microsoft\WindowsApps;C:\Users\chikk\AppData\Roaming\npm;C:\Users\chikk\AppData\Local\Programs\Python\Python313;C:\openssl;C:\Users\chikk\AppData\Local\Programs\Python\Python313\Scripts;C:\Program Files\Java\jdk1.8.0_291\bin;C:\Users\chikk\AppData\Local\Android\Sdk\emulator;C:\Users\chikk\AppData\Local\Android\Sdk\platform-tools;C:\Users\chikk\AppData\Local\Programs\Microsoft VS Code\bin;C:\Users\chikk\.dotnet\tools;C:\Program Files\apache-maven-3.9.10\bin;;."/>
    <property name="java.vm.info" value="mixed mode, sharing"/>
    <property name="java.vendor" value="Oracle Corporation"/>
    <property name="java.vm.version" value="17.0.12+8-LTS-286"/>
    <property name="sun.io.unicode.encoding" value="UnicodeLittle"/>
    <property name="java.class.version" value="61.0"/>
  </properties>
  <testcase name="testLeastPrice[Hyderabad, Bengaluru](1)" classname="package1.MakeMyTrip" time="2.687">
    <system-out><![CDATA[
From Hyderabad to Bengaluru Flights
Cheapest flight Price is :2276
Dated on Tue Jul 22 2025
]]></system-out>
    <system-err><![CDATA[SLF4J(W): No SLF4J providers were found.
SLF4J(W): Defaulting to no-operation (NOP) logger implementation
SLF4J(W): See https://www.slf4j.org/codes.html#noProviders for further details.
]]></system-err>
  </testcase>
  <testcase name="testLeastPrice[Bengaluru, Hyderabad](2)" classname="package1.MakeMyTrip" time="2.56">
    <system-out><![CDATA[
From Bengaluru to Hyderabad Flights
Cheapest flight Price is :2527
Dated on Tue Jul 15 2025
]]></system-out>
  </testcase>
  <testcase name="testLeastPrice[Chennai, Delhi](3)" classname="package1.MakeMyTrip" time="2.437">
    <system-out><![CDATA[
From Chennai to Delhi Flights
Cheapest flight Price is :4250
Dated on Mon Jul 21 2025
]]></system-out>
  </testcase>
  <testcase name="testLeastPrice[Mumbai, Delhi](4)" classname="package1.MakeMyTrip" time="3.331">
    <system-out><![CDATA[
From Mumbai to Delhi Flights
Cheapest flight Price is :3831
Dated on Wed Jul 16 2025
]]></system-out>
  </testcase>
  <testcase name="testLeastPrice[Kolkata, Delhi](5)" classname="package1.MakeMyTrip" time="2.565">
    <system-out><![CDATA[
From Kolkata to Delhi Flights
Cheapest flight Price is :4432
Dated on Fri Aug 22 2025
]]></system-out>
  </testcase>
  <testcase name="testCricketScore[innings_1, https://www.cricbuzz.com/live-cricket-scorecard/106673/rsa-vs-aus-final-icc-world-test-championship-final-2025](1)" classname="package1.WebTable" time="5.671">
    <system-out><![CDATA[Batter                                                                     R     B     4s    6s    SR    
Khawaja                       c Bedingham b Rabada                         0     20    0     0     0.00  
Labuschagne                   c Verreynne b Marco Jansen                   17    56    1     0     30.36 
Green                         c Markram b Rabada                           4     3     1     0     133.33
Steven Smith                  c Marco Jansen b Markram                     66    112   10    0     58.93 
Head                          c Verreynne b Marco Jansen                   11    13    1     0     84.62 
Webster                       c Bedingham b Rabada                         72    92    11    0     78.26 
Alex Carey (wk)               b Maharaj                                    23    31    4     0     74.19 
Cummins (c)                   b Rabada                                     1     6     0     0     16.67 
Mitchell Starc                b Rabada                                     1     12    0     0     8.33  
Lyon                          b Marco Jansen                               0     4     0     0     0.00  
Hazlewood                     not out                                      0     1     0     0     0.00  
===========================================================================================================
]]></system-out>
  </testcase>
  <testcase name="testCricketScore[innings_2, https://www.cricbuzz.com/live-cricket-scorecard/106673/rsa-vs-aus-final-icc-world-test-championship-final-2025](2)" classname="package1.WebTable" time="3.571">
    <system-out><![CDATA[Batter                                                                     R     B     4s    6s    SR    
Markram                       b Mitchell Starc                             0     6     0     0     0.00  
Rickelton                     c Khawaja b Mitchell Starc                   16    23    3     0     69.57 
Mulder                        b Cummins                                    6     44    0     0     13.64 
Bavuma (c)                    c Labuschagne b Cummins                      36    84    4     1     42.86 
Stubbs                        b Hazlewood                                  2     13    0     0     15.38 
Bedingham                     c Alex Carey b Cummins                       45    111   6     0     40.54 
Verreynne (wk)                lbw b Cummins                                13    39    0     0     33.33 
Marco Jansen                  c and b Cummins                              0     3     0     0     0.00  
Maharaj                       run out (Head/Alex Carey)                    7     15    1     0     46.67 
Rabada                        c Webster b Cummins                          1     6     0     0     16.67 
Lungi Ngidi                   not out                                      0     1     0     0     0.00  
===========================================================================================================
]]></system-out>
  </testcase>
  <testcase name="testCricketScore[innings_3, https://www.cricbuzz.com/live-cricket-scorecard/106673/rsa-vs-aus-final-icc-world-test-championship-final-2025](3)" classname="package1.WebTable" time="3.634">
    <system-out><![CDATA[Batter                                                                     R     B     4s    6s    SR    
Labuschagne                   c Verreynne b Marco Jansen                   22    64    2     0     34.38 
Khawaja                       c Verreynne b Rabada                         6     23    0     0     26.09 
Green                         c Mulder b Rabada                            0     2     0     0     0.00  
Steven Smith                  lbw b Lungi Ngidi                            13    25    1     0     52.00 
Head                          b Mulder                                     9     18    1     0     50.00 
Webster                       lbw b Lungi Ngidi                            9     11    1     0     81.82 
Alex Carey (wk)               lbw b Rabada                                 43    50    5     0     86.00 
Cummins (c)                   b Lungi Ngidi                                6     5     1     0     120.00
Mitchell Starc                not out                                      58    136   5     0     42.65 
Lyon                          lbw b Rabada                                 2     13    0     0     15.38 
Hazlewood                     c Maharaj b Markram                          17    53    2     0     32.08 
===========================================================================================================
]]></system-out>
  </testcase>
  <testcase name="testCricketScore[innings_4, https://www.cricbuzz.com/live-cricket-scorecard/106673/rsa-vs-aus-final-icc-world-test-championship-final-2025](4)" classname="package1.WebTable" time="3.462">
    <system-out><![CDATA[Batter                                                                     R     B     4s    6s    SR    
Aiden Markram                 c Head b Hazlewood                           136   207   14    0     65.70 
Ryan Rickelton                c Alex Carey b Mitchell Starc                6     8     1     0     75.00 
Wiaan Mulder                  c Labuschagne b Mitchell Starc               27    50    5     0     54.00 
Temba Bavuma (c)              c Alex Carey b Cummins                       66    134   5     0     49.25 
Tristan Stubbs                b Mitchell Starc                             8     43    0     0     18.60 
David Bedingham               not out                                      21    49    1     0     42.86 
Kyle Verreynne (wk)           not out                                      4     13    0     0     30.77 
===========================================================================================================
]]></system-out>
  </testcase>
  <testcase name="testCricketScore[innings_1, https://www.cricbuzz.com/live-cricket-scorecard/118586/sl-vs-ban-1st-test-bangladesh-tour-of-sri-lanka-2025](5)" classname="package1.WebTable" time="2.791">
    <system-out><![CDATA[Batter                                                                     R     B     4s    6s    SR    
Shadman Islam                 c Dhananjaya de Silva b Tharindu Ratnayake   14    53    1     0     26.42 
Anamul Haque                  c Kusal Mendis b Asitha Fernando             0     10    0     0     0.00  
Mominul                       c Dhananjaya de Silva b Tharindu Ratnayake   29    33    4     0     87.88 
Shanto (c)                    c Mathews b Asitha Fernando                  148   279   15    1     53.05 
Mushfiqur Rahim               lbw b Asitha Fernando                        163   350   9     0     46.57 
Litton Das (wk)               c Kusal Mendis b Tharindu Ratnayake          90    123   11    1     73.17 
Jaker Ali                     b Rathnayake                                 8     16    1     0     50.00 
Nayeem Hasan                  c Kusal Mendis b Rathnayake                  11    30    1     0     36.67 
Taijul Islam                  b Rathnayake                                 6     7     1     0     85.71 
Hasan Mahmud                  not out                                      7     15    1     0     46.67 
Nahid Rana                    c Kusal Mendis b Asitha Fernando             0     8     0     0     0.00  
===========================================================================================================
]]></system-out>
  </testcase>
  <testcase name="testCricketScore[innings_2, https://www.cricbuzz.com/live-cricket-scorecard/118586/sl-vs-ban-1st-test-bangladesh-tour-of-sri-lanka-2025](6)" classname="package1.WebTable" time="3.349">
    <system-out><![CDATA[Batter                                                                     R     B     4s    6s    SR    
Pathum Nissanka               b Hasan Mahmud                               187   256   23    1     73.05 
Lahiru Udara                  c and b Taijul Islam                         29    34    6     0     85.29 
Chandimal                     c Shadman Islam b Nayeem Hasan               54    119   4     0     45.38 
Mathews                       c Litton Das b Mominul                       39    69    3     1     56.52 
Kamindu Mendis                c Litton Das b Nayeem Hasan                  87    148   8     1     58.78 
Dhananjaya de Silva (c)       c Litton Das b Nayeem Hasan                  19    36    2     0     52.78 
Kusal Mendis (wk)             c Litton Das b Hasan Mahmud                  5     17    1     0     29.41 
Rathnayake                    b Hasan Mahmud                               39    83    3     1     46.99 
Tharindu Ratnayake            b Nayeem Hasan                               0     7     0     0     0.00  
Prabath Jayasuriya            not out                                      11    13    2     0     84.62 
Asitha Fernando               b Nayeem Hasan                               4     8     1     0     50.00 
===========================================================================================================
]]></system-out>
  </testcase>
  <testcase name="testCricketScore[innings_3, https://www.cricbuzz.com/live-cricket-scorecard/118586/sl-vs-ban-1st-test-bangladesh-tour-of-sri-lanka-2025](7)" classname="package1.WebTable" time="2.982">
    <system-out><![CDATA[Batter                                                                     R     B     4s    6s    SR    
Shadman Islam                 lbw b Rathnayake                             76    126   7     0     60.32 
Anamul Haque                  c Kusal Mendis b Prabath Jayasuriya          4     20    0     0     20.00 
Mominul                       c Lahiru Udara b Tharindu Ratnayake          14    40    0     1     35.00 
Shanto (c)                    not out                                      125   199   9     3     62.81 
Mushfiqur Rahim               run out (Tharindu Ratnayake)                 49    102   4     0     48.04 
Litton Das (wk)               b Tharindu Ratnayake                         3     5     0     0     60.00 
Jaker Ali                     st Kusal Mendis b Tharindu Ratnayake         2     7     0     0     28.57 
Nayeem Hasan                  not out                                      7     23    0     0     30.43 
===========================================================================================================
]]></system-out>
  </testcase>
  <testcase name="testFirstCar" classname="testCases.BMWFirstCar" time="4.489">
    <system-out><![CDATA[BMW New 2 Series Gran Coupe
]]></system-out>
  </testcase>
  <testcase name="testFirstCarTitle" classname="testCases.TataFirstCar" time="6.185">
    <system-out><![CDATA[Tata Cars Price in India - Tata Models 2025 - Reviews, Specs & Dealers - CarWale
Tata Nexon
.26.00
]]></system-out>
  </testcase>
</testsuite>