<?xml version="1.0" encoding="UTF-8"?>
<!-- Generated by org.testng.reporters.JUnitReportReporter -->
<testsuite hostname="Bobby" failures="0" tests="1" name="testCases.BMWFirstCar" time="7.965" errors="0" timestamp="2025-07-09T18:41:00 IST" skipped="0">
  <testcase classname="testCases.BMWFirstCar" name="testFirstCar" time="7.965"/>
</testsuite> <!-- testCases.BMWFirstCar -->
