<?xml version="1.0" encoding="UTF-8"?>
<!-- Generated by org.testng.reporters.JUnitReportReporter -->
<testsuite hostname="Bobby" failures="0" tests="6" name="package1.MakeMyTrip" time="20.362" errors="0" timestamp="2025-07-09T18:41:00 IST" skipped="0">
  <testcase classname="package1.MakeMyTrip" name="testLeastPrice" time="2.679"/>
  <testcase classname="package1.MakeMyTrip" name="testLeastPrice" time="3.724"/>
  <testcase classname="package1.MakeMyTrip" name="testLeastPrice" time="4.444"/>
  <testcase classname="package1.MakeMyTrip" name="testLeastPrice" time="2.563"/>
  <testcase classname="package1.MakeMyTrip" name="testLeastPrice" time="2.639"/>
  <testcase classname="package1.MakeMyTrip" name="testLeastPrice" time="4.313"/>
</testsuite> <!-- package1.MakeMyTrip -->
