<?xml version="1.0" encoding="UTF-8"?>
<!-- Generated by org.testng.reporters.JUnitReportReporter -->
<testsuite hostname="Bobby" failures="0" tests="1" name="testCases.TataFirstCar" time="4.305" errors="0" timestamp="2025-07-10T14:48:18 IST" skipped="0">
  <testcase classname="testCases.TataFirstCar" name="testFirstCarTitle" time="4.305"/>
</testsuite> <!-- testCases.TataFirstCar -->
