<?xml version="1.0" encoding="UTF-8"?>
<!-- Generated by org.testng.reporters.JUnitReportReporter -->
<testsuite hostname="Bobby" failures="0" tests="8" name="package1.WebTable" time="35.822" errors="0" timestamp="2025-07-10T14:23:17 IST" skipped="0">
  <testcase classname="package1.WebTable" name="testCricketScore" time="3.978"/>
  <testcase classname="package1.WebTable" name="testCricketScore" time="7.202"/>
  <testcase classname="package1.WebTable" name="testCricketScore" time="2.844"/>
  <testcase classname="package1.WebTable" name="testCricketScore" time="2.084"/>
  <testcase classname="package1.WebTable" name="testCricketScore" time="1.881"/>
  <testcase classname="package1.WebTable" name="testCricketScore" time="3.227"/>
  <testcase classname="package1.WebTable" name="testCricketScore" time="11.842"/>
  <testcase classname="package1.WebTable" name="testCricketScore" time="2.764"/>
</testsuite> <!-- package1.WebTable -->
