<?xml version="1.0" encoding="UTF-8"?>
<!-- Generated by org.testng.reporters.JUnitReportReporter -->
<testsuite hostname="Bobby" failures="0" tests="7" name="package1.WebTable" time="31.198" errors="0" timestamp="2025-07-09T18:41:00 IST" skipped="0">
  <testcase classname="package1.WebTable" name="testCricketScore" time="4.069"/>
  <testcase classname="package1.WebTable" name="testCricketScore" time="3.871"/>
  <testcase classname="package1.WebTable" name="testCricketScore" time="4.478"/>
  <testcase classname="package1.WebTable" name="testCricketScore" time="3.174"/>
  <testcase classname="package1.WebTable" name="testCricketScore" time="8.084"/>
  <testcase classname="package1.WebTable" name="testCricketScore" time="2.822"/>
  <testcase classname="package1.WebTable" name="testCricketScore" time="4.700"/>
</testsuite> <!-- package1.WebTable -->
