<?xml version="1.0" encoding="UTF-8"?>
<!-- Generated by org.testng.reporters.JUnitReportReporter -->
<testsuite hostname="Bobby" failures="0" tests="1" name="testCases.TataFirstCar" time="3.004" errors="0" timestamp="2025-07-10T17:51:05 IST" skipped="0">
  <testcase classname="testCases.TataFirstCar" name="testFirstCarTitle" time="3.004"/>
</testsuite> <!-- testCases.TataFirstCar -->
