<?xml version="1.0" encoding="UTF-8"?>
<!-- Generated by org.testng.reporters.JUnitReportReporter -->
<testsuite hostname="Bobby" failures="0" tests="8" name="package1.WebTable" time="46.783" errors="0" timestamp="2025-07-10T17:47:43 IST" skipped="0">
  <testcase classname="package1.WebTable" name="testCricketScore" time="6.675"/>
  <testcase classname="package1.WebTable" name="testCricketScore" time="4.150"/>
  <testcase classname="package1.WebTable" name="testCricketScore" time="5.038"/>
  <testcase classname="package1.WebTable" name="testCricketScore" time="4.958"/>
  <testcase classname="package1.WebTable" name="testCricketScore" time="7.140"/>
  <testcase classname="package1.WebTable" name="testCricketScore" time="5.236"/>
  <testcase classname="package1.WebTable" name="testCricketScore" time="8.392"/>
  <testcase classname="package1.WebTable" name="testCricketScore" time="5.194"/>
</testsuite> <!-- package1.WebTable -->
