<?xml version="1.0" encoding="UTF-8"?>
<!-- Generated by org.testng.reporters.JUnitReportReporter -->
<testsuite hostname="Bobby" failures="0" tests="4" name="package1.MakeMyTrip" time="10.848" errors="0" timestamp="2025-07-10T17:43:23 IST" skipped="0">
  <testcase classname="package1.MakeMyTrip" name="testLeastPrice" time="2.188"/>
  <testcase classname="package1.MakeMyTrip" name="testLeastPrice" time="2.766"/>
  <testcase classname="package1.MakeMyTrip" name="testLeastPrice" time="2.747"/>
  <testcase classname="package1.MakeMyTrip" name="testLeastPrice" time="3.147"/>
</testsuite> <!-- package1.MakeMyTrip -->
