<?xml version="1.0" encoding="UTF-8"?>
<!-- Generated by org.testng.reporters.JUnitReportReporter -->
<testsuite hostname="Bobby" failures="0" tests="4" name="package1.MakeMyTrip" time="10.649" errors="0" timestamp="2025-07-10T14:24:24 IST" skipped="0">
  <testcase classname="package1.MakeMyTrip" name="testLeastPrice" time="2.452"/>
  <testcase classname="package1.MakeMyTrip" name="testLeastPrice" time="2.886"/>
  <testcase classname="package1.MakeMyTrip" name="testLeastPrice" time="2.452"/>
  <testcase classname="package1.MakeMyTrip" name="testLeastPrice" time="2.859"/>
</testsuite> <!-- package1.MakeMyTrip -->
