<?xml version="1.0" encoding="UTF-8"?>
<!-- Generated by org.testng.reporters.JUnitReportReporter -->
<testsuite hostname="Bobby" failures="0" tests="6" name="package1.MakeMyTrip" time="15.473" errors="0" timestamp="2025-07-08T20:37:41 IST" skipped="0">
  <testcase classname="package1.MakeMyTrip" name="testLeastPrice" time="3.317"/>
  <testcase classname="package1.MakeMyTrip" name="testLeastPrice" time="2.154"/>
  <testcase classname="package1.MakeMyTrip" name="testLeastPrice" time="2.612"/>
  <testcase classname="package1.MakeMyTrip" name="testLeastPrice" time="2.083"/>
  <testcase classname="package1.MakeMyTrip" name="testLeastPrice" time="1.957"/>
  <testcase classname="package1.MakeMyTrip" name="testLeastPrice" time="3.350"/>
</testsuite> <!-- package1.MakeMyTrip -->
