<?xml version="1.0" encoding="UTF-8"?>
<!-- Generated by org.testng.reporters.JUnitReportReporter -->
<testsuite hostname="Bobby" failures="0" tests="8" name="package1.WebTable" time="30.910" errors="0" timestamp="2025-07-10T14:48:18 IST" skipped="0">
  <testcase classname="package1.WebTable" name="testCricketScore" time="1.944"/>
  <testcase classname="package1.WebTable" name="testCricketScore" time="11.695"/>
  <testcase classname="package1.WebTable" name="testCricketScore" time="4.124"/>
  <testcase classname="package1.WebTable" name="testCricketScore" time="2.675"/>
  <testcase classname="package1.WebTable" name="testCricketScore" time="2.090"/>
  <testcase classname="package1.WebTable" name="testCricketScore" time="2.810"/>
  <testcase classname="package1.WebTable" name="testCricketScore" time="2.338"/>
  <testcase classname="package1.WebTable" name="testCricketScore" time="3.234"/>
</testsuite> <!-- package1.WebTable -->
