<?xml version="1.0" encoding="UTF-8"?>
<!-- Generated by org.testng.reporters.JUnitReportReporter -->
<testsuite hostname="Bobby" failures="0" tests="7" name="package1.WebTable" time="22.506" errors="0" timestamp="2025-07-08T20:37:41 IST" skipped="0">
  <testcase classname="package1.WebTable" name="testCricketScore" time="2.529"/>
  <testcase classname="package1.WebTable" name="testCricketScore" time="2.686"/>
  <testcase classname="package1.WebTable" name="testCricketScore" time="2.721"/>
  <testcase classname="package1.WebTable" name="testCricketScore" time="2.181"/>
  <testcase classname="package1.WebTable" name="testCricketScore" time="2.376"/>
  <testcase classname="package1.WebTable" name="testCricketScore" time="2.339"/>
  <testcase classname="package1.WebTable" name="testCricketScore" time="7.674"/>
</testsuite> <!-- package1.WebTable -->
