<?xml version="1.0" encoding="UTF-8"?>
<!-- Generated by org.testng.reporters.JUnitReportReporter -->
<testsuite hostname="Bobby" failures="0" tests="4" name="package1.MakeMyTrip" time="11.379" errors="0" timestamp="2025-07-10T14:48:18 IST" skipped="0">
  <testcase classname="package1.MakeMyTrip" name="testLeastPrice" time="3.292"/>
  <testcase classname="package1.MakeMyTrip" name="testLeastPrice" time="2.798"/>
  <testcase classname="package1.MakeMyTrip" name="testLeastPrice" time="2.302"/>
  <testcase classname="package1.MakeMyTrip" name="testLeastPrice" time="2.987"/>
</testsuite> <!-- package1.MakeMyTrip -->
