<?xml version="1.0" encoding="UTF-8"?>
<!-- Generated by org.testng.reporters.JUnitReportReporter -->
<testsuite hostname="Bobby" failures="0" tests="1" name="testCases.BMWFirstCar" time="4.486" errors="0" timestamp="2025-07-09T20:27:40 IST" skipped="0">
  <testcase classname="testCases.BMWFirstCar" name="testFirstCar" time="4.486"/>
</testsuite> <!-- testCases.BMWFirstCar -->
