<?xml version="1.0" encoding="UTF-8"?>
<!-- Generated by org.testng.reporters.JUnitReportReporter -->
<testsuite hostname="Bobby" failures="0" tests="7" name="package1.WebTable" time="25.457" errors="0" timestamp="2025-07-09T20:27:40 IST" skipped="0">
  <testcase classname="package1.WebTable" name="testCricketScore" time="3.348"/>
  <testcase classname="package1.WebTable" name="testCricketScore" time="3.571"/>
  <testcase classname="package1.WebTable" name="testCricketScore" time="2.792"/>
  <testcase classname="package1.WebTable" name="testCricketScore" time="3.462"/>
  <testcase classname="package1.WebTable" name="testCricketScore" time="5.670"/>
  <testcase classname="package1.WebTable" name="testCricketScore" time="2.982"/>
  <testcase classname="package1.WebTable" name="testCricketScore" time="3.632"/>
</testsuite> <!-- package1.WebTable -->
