<?xml version="1.0" encoding="UTF-8"?>
<!-- Generated by org.testng.reporters.JUnitReportReporter -->
<testsuite hostname="Bobby" failures="0" tests="5" name="package1.MakeMyTrip" time="13.581" errors="0" timestamp="2025-07-09T20:27:40 IST" skipped="0">
  <testcase classname="package1.MakeMyTrip" name="testLeastPrice" time="2.687"/>
  <testcase classname="package1.MakeMyTrip" name="testLeastPrice" time="3.331"/>
  <testcase classname="package1.MakeMyTrip" name="testLeastPrice" time="2.437"/>
  <testcase classname="package1.MakeMyTrip" name="testLeastPrice" time="2.561"/>
  <testcase classname="package1.MakeMyTrip" name="testLeastPrice" time="2.565"/>
</testsuite> <!-- package1.MakeMyTrip -->
