<?xml version="1.0" encoding="UTF-8"?>
<!-- Generated by org.testng.reporters.JUnitReportReporter -->
<testsuite hostname="Bobby" failures="0" tests="6" name="package1.MakeMyTrip" time="19.784" errors="0" timestamp="2025-07-08T21:31:49 IST" skipped="0">
  <testcase classname="package1.MakeMyTrip" name="testLeastPrice" time="2.522"/>
  <testcase classname="package1.MakeMyTrip" name="testLeastPrice" time="4.593"/>
  <testcase classname="package1.MakeMyTrip" name="testLeastPrice" time="3.696"/>
  <testcase classname="package1.MakeMyTrip" name="testLeastPrice" time="2.462"/>
  <testcase classname="package1.MakeMyTrip" name="testLeastPrice" time="3.478"/>
  <testcase classname="package1.MakeMyTrip" name="testLeastPrice" time="3.033"/>
</testsuite> <!-- package1.MakeMyTrip -->
