<?xml version="1.0" encoding="UTF-8"?>
<!-- Generated by org.testng.reporters.JUnitReportReporter -->
<testsuite hostname="Bobby" failures="0" tests="7" name="package1.WebTable" time="20.710" errors="0" timestamp="2025-07-08T21:31:49 IST" skipped="0">
  <testcase classname="package1.WebTable" name="testCricketScore" time="3.331"/>
  <testcase classname="package1.WebTable" name="testCricketScore" time="1.993"/>
  <testcase classname="package1.WebTable" name="testCricketScore" time="5.590"/>
  <testcase classname="package1.WebTable" name="testCricketScore" time="2.118"/>
  <testcase classname="package1.WebTable" name="testCricketScore" time="2.343"/>
  <testcase classname="package1.WebTable" name="testCricketScore" time="2.425"/>
  <testcase classname="package1.WebTable" name="testCricketScore" time="2.910"/>
</testsuite> <!-- package1.WebTable -->
